<?xml version="1.0" encoding="UTF-8"?>
<!-- Generated by org.testng.reporters.JUnitXMLReporter -->
<testsuite ignored="0" hostname="DESKTOP-HIR02G4" failures="0" tests="4" name="Test" time="56.899" errors="0" timestamp="2022-01-24T18:12:43 IST">
  <testcase classname="com.tests.LoginTest" name="test" time="0.357"/>
  <testcase classname="com.tests.RegisterUserTest" name="test" time="0.554"/>
  <testcase classname="com.tests.AddItemToCartFromProductHomeTest" name="test" time="27.401"/>
  <testcase classname="com.tests.AddProductByCategorySubCategoryTest" name="test" time="33.491"/>
</testsuite> <!-- Test -->
