<?xml version="1.0" encoding="UTF-8"?>
<testng-results ignored="0" total="1" passed="1" failed="0" skipped="0">
  <reporter-output>
  </reporter-output>
  <suite started-at="2022-01-24T18:15:08 IST" name="Default suite" finished-at="2022-01-24T18:15:43 IST" duration-ms="34762">
    <groups>
    </groups>
    <test started-at="2022-01-24T18:15:08 IST" name="Default test" finished-at="2022-01-24T18:15:43 IST" duration-ms="34762">
      <class name="com.tests.AddProductByCategorySubCategoryTest">
        <test-method is-config="true" signature="setUp()[pri:0, instance:com.tests.AddProductByCategorySubCategoryTest@506ae4d4]" started-at="2022-01-24T18:15:08 IST" name="setUp" finished-at="2022-01-24T18:15:16 IST" duration-ms="8073" status="PASS">
          <reporter-output>
          </reporter-output>
        </test-method> <!-- setUp -->
        <test-method signature="test()[pri:0, instance:com.tests.AddProductByCategorySubCategoryTest@506ae4d4]" started-at="2022-01-24T18:15:16 IST" name="test" finished-at="2022-01-24T18:15:42 IST" duration-ms="25754" status="PASS">
          <reporter-output>
          </reporter-output>
        </test-method> <!-- test -->
        <test-method is-config="true" signature="afterTest()[pri:0, instance:com.tests.AddProductByCategorySubCategoryTest@506ae4d4]" started-at="2022-01-24T18:15:42 IST" name="afterTest" finished-at="2022-01-24T18:15:43 IST" duration-ms="880" status="PASS">
          <reporter-output>
          </reporter-output>
        </test-method> <!-- afterTest -->
      </class> <!-- com.tests.AddProductByCategorySubCategoryTest -->
    </test> <!-- Default test -->
  </suite> <!-- Default suite -->
</testng-results>
